<?xml version="1.0" encoding="UTF-8"?>
<!-- Generated by org.testng.reporters.JUnitReportReporter -->
<testsuite hostname="TRG513566" name="qa.test.NewTest" tests="1" failures="0" timestamp="18 Feb 2014 22:53:19 GMT" time="0.250" errors="0">
  <testcase name="f" time="0.250" classname="qa.test.NewTest"/>
</testsuite> <!-- qa.test.NewTest -->
