<?xml version="1.0" encoding="UTF-8"?>
<!-- Generated by org.testng.reporters.JUnitReportReporter -->
<testsuite hostname="TRG513566" name="qa.test.TestMetaModel" tests="1" failures="0" timestamp="18 Feb 2014 23:10:19 GMT" time="0.290" errors="0">
  <testcase name="f" time="0.290" classname="qa.test.TestMetaModel"/>
</testsuite> <!-- qa.test.TestMetaModel -->
